This file contains any messages produced by compilers while
running configure, to aid debugging if configure makes a mistake.

It was created by freeipa configure 4.6.90.dev201806272025+git7c2dba191, which was
generated by GNU Autoconf 2.69.  Invocation command line was

  $ ./configure --enable-silent-rules --host=x86_64-redhat-linux-gnu --build=x86_64-redhat-linux-gnu --program-prefix= --prefix=/usr --exec-prefix=/usr --bindir=/usr/bin --sbindir=/usr/sbin --sysconfdir=/etc --datadir=/usr/share --includedir=/usr/include --libdir=/usr/lib64 --libexecdir=/usr/libexec --localstatedir=/var --sharedstatedir=/var/lib --mandir=/usr/share/man --infodir=/usr/share/info build_alias=x86_64-redhat-linux-gnu host_alias=x86_64-redhat-linux-gnu --no-create --no-recursion

## --------- ##
## Platform. ##
## --------- ##

hostname = f27
uname -m = x86_64
uname -r = 4.4.0-127-generic
uname -s = Linux
uname -v = #153-Ubuntu SMP Sat May 19 10:58:46 UTC 2018

/usr/bin/uname -p = x86_64
/bin/uname -X     = unknown

/bin/arch              = x86_64
/usr/bin/arch -k       = unknown
/usr/convex/getsysinfo = unknown
/usr/bin/hostinfo      = unknown
/bin/machine           = unknown
/usr/bin/oslevel       = unknown
/bin/universe          = unknown

PATH: /usr/local/sbin
PATH: /usr/local/bin
PATH: /usr/sbin
PATH: /usr/bin
PATH: /sbin
PATH: /bin


## ----------- ##
## Core tests. ##
## ----------- ##

configure:2460: loading site script /usr/share/config.site
| # This is the config.site file to satisfy FHS defaults when installing below
| # /usr.
| #
| # You may override this file by your config.site using the CONFIG_SITE env
| # variable.
| #
| # Note: This file includes also RHEL/Fedora fix for installing libraries into
| # "/lib/lib64" on 64bit systems.
| 
| if test -n "$host"; then
|     # skip when cross-compiling
|     return 0
| fi
| 
| if test "$prefix" = /usr \
|    || { test "$prefix" = NONE && test "$ac_default_prefix" = /usr ; }
| then
|     test "$sysconfdir" = '${prefix}/etc' && sysconfdir=/etc
|     test "$sharedstatedir" = '${prefix}/com' && sharedstatedir=/var
|     test "$localstatedir" = '${prefix}/var' && localstatedir=/var
| 
|     ARCH=`uname -m`
|     for i in x86_64 ppc64 s390x aarch64; do
|         if test $ARCH = $i; then
|             test "$libdir" = '${exec_prefix}/lib' && libdir='${exec_prefix}/lib64'
|             break
|         fi
|     done
| fi
configure:2611: checking for a BSD-compatible install
configure:2679: result: /usr/bin/install -c
configure:2690: checking whether build environment is sane
configure:2745: result: yes
configure:2896: checking for a thread-safe mkdir -p
configure:2935: result: /usr/bin/mkdir -p
configure:2942: checking for gawk
configure:2958: found /usr/bin/gawk
configure:2969: result: gawk
configure:2980: checking whether make sets $(MAKE)
configure:3002: result: yes
configure:3031: checking whether make supports nested variables
configure:3048: result: yes
configure:3127: checking how to create a pax tar archive
configure:3138: tar --version
tar (GNU tar) 1.29
Copyright (C) 2015 Free Software Foundation, Inc.
License GPLv3+: GNU GPL version 3 or later <http://gnu.org/licenses/gpl.html>.
This is free software: you are free to change and redistribute it.
There is NO WARRANTY, to the extent permitted by law.

Written by John Gilmore and Jay Fenlason.
configure:3141: $? = 0
configure:3181: tardir=conftest.dir && eval tar --format=posix -chf - "$tardir" >conftest.tar
configure:3184: $? = 0
configure:3188: tar -xf - <conftest.tar
configure:3191: $? = 0
configure:3193: cat conftest.dir/file
GrepMe
configure:3196: $? = 0
configure:3209: result: gnutar
configure:3270: checking whether make supports nested variables
configure:3287: result: yes
configure:3311: checking for style of include used by make
configure:3339: result: GNU
configure:3370: checking for x86_64-redhat-linux-gnu-gcc
configure:3400: result: no
configure:3410: checking for gcc
configure:3426: found /usr/bin/gcc
configure:3437: result: gcc
configure:3666: checking for C compiler version
configure:3675: gcc --version >&5
gcc (GCC) 7.3.1 20180303 (Red Hat 7.3.1-5)
Copyright (C) 2017 Free Software Foundation, Inc.
This is free software; see the source for copying conditions.  There is NO
warranty; not even for MERCHANTABILITY or FITNESS FOR A PARTICULAR PURPOSE.

configure:3686: $? = 0
configure:3675: gcc -v >&5
Using built-in specs.
COLLECT_GCC=gcc
COLLECT_LTO_WRAPPER=/usr/libexec/gcc/x86_64-redhat-linux/7/lto-wrapper
OFFLOAD_TARGET_NAMES=nvptx-none
OFFLOAD_TARGET_DEFAULT=1
Target: x86_64-redhat-linux
Configured with: ../configure --enable-bootstrap --enable-languages=c,c++,objc,obj-c++,fortran,ada,go,lto --prefix=/usr --mandir=/usr/share/man --infodir=/usr/share/info --with-bugurl=http://bugzilla.redhat.com/bugzilla --enable-shared --enable-threads=posix --enable-checking=release --enable-multilib --with-system-zlib --enable-__cxa_atexit --disable-libunwind-exceptions --enable-gnu-unique-object --enable-linker-build-id --with-gcc-major-version-only --with-linker-hash-style=gnu --enable-plugin --enable-initfini-array --with-isl --enable-libmpx --enable-offload-targets=nvptx-none --without-cuda-driver --enable-gnu-indirect-function --with-tune=generic --with-arch_32=i686 --build=x86_64-redhat-linux
Thread model: posix
gcc version 7.3.1 20180303 (Red Hat 7.3.1-5) (GCC) 
configure:3686: $? = 0
configure:3675: gcc -V >&5
gcc: error: unrecognized command line option '-V'
gcc: fatal error: no input files
compilation terminated.
configure:3686: $? = 1
configure:3675: gcc -qversion >&5
gcc: error: unrecognized command line option '-qversion'; did you mean '--version'?
gcc: fatal error: no input files
compilation terminated.
configure:3686: $? = 1
configure:3706: checking whether the C compiler works
configure:3728: gcc    conftest.c  >&5
configure:3732: $? = 0
configure:3780: result: yes
configure:3783: checking for C compiler default output file name
configure:3785: result: a.out
configure:3791: checking for suffix of executables
configure:3798: gcc -o conftest    conftest.c  >&5
configure:3802: $? = 0
configure:3824: result: 
configure:3846: checking whether we are cross compiling
configure:3854: gcc -o conftest    conftest.c  >&5
configure:3858: $? = 0
configure:3865: ./conftest
configure:3869: $? = 0
configure:3884: result: no
configure:3889: checking for suffix of object files
configure:3911: gcc -c   conftest.c >&5
configure:3915: $? = 0
configure:3936: result: o
configure:3940: checking whether we are using the GNU C compiler
configure:3959: gcc -c   conftest.c >&5
configure:3959: $? = 0
configure:3968: result: yes
configure:3977: checking whether gcc accepts -g
configure:3997: gcc -c -g  conftest.c >&5
configure:3997: $? = 0
configure:4038: result: yes
configure:4055: checking for gcc option to accept ISO C89
configure:4118: gcc  -c -g -O2  conftest.c >&5
configure:4118: $? = 0
configure:4131: result: none needed
configure:4156: checking whether gcc understands -c and -o together
configure:4178: gcc -c conftest.c -o conftest2.o
configure:4181: $? = 0
configure:4178: gcc -c conftest.c -o conftest2.o
configure:4181: $? = 0
configure:4193: result: yes
configure:4212: checking dependency style of gcc
configure:4323: result: gcc3
configure:4338: checking for gcc option to accept ISO C99
configure:4487: gcc  -c -g -O2  conftest.c >&5
configure:4487: $? = 0
configure:4500: result: none needed
configure:4575: checking build system type
configure:4589: result: x86_64-redhat-linux-gnu
configure:4609: checking host system type
configure:4622: result: x86_64-redhat-linux-gnu
configure:4663: checking how to print strings
configure:4690: result: printf
configure:4711: checking for a sed that does not truncate output
configure:4775: result: /usr/bin/sed
configure:4793: checking for grep that handles long lines and -e
configure:4851: result: /usr/bin/grep
configure:4856: checking for egrep
configure:4918: result: /usr/bin/grep -E
configure:4923: checking for fgrep
configure:4985: result: /usr/bin/grep -F
configure:5020: checking for ld used by gcc
configure:5087: result: /usr/bin/ld
configure:5094: checking if the linker (/usr/bin/ld) is GNU ld
configure:5109: result: yes
configure:5121: checking for BSD- or MS-compatible name lister (nm)
configure:5175: result: /usr/bin/nm -B
configure:5305: checking the name lister (/usr/bin/nm -B) interface
configure:5312: gcc -c -g -O2  conftest.c >&5
configure:5315: /usr/bin/nm -B "conftest.o"
configure:5318: output
0000000000000000 B some_variable
configure:5325: result: BSD nm
configure:5328: checking whether ln -s works
configure:5332: result: yes
configure:5340: checking the maximum length of command line arguments
configure:5471: result: 1572864
configure:5519: checking how to convert x86_64-redhat-linux-gnu file names to x86_64-redhat-linux-gnu format
configure:5559: result: func_convert_file_noop
configure:5566: checking how to convert x86_64-redhat-linux-gnu file names to toolchain format
configure:5586: result: func_convert_file_noop
configure:5593: checking for /usr/bin/ld option to reload object files
configure:5600: result: -r
configure:5634: checking for x86_64-redhat-linux-gnu-objdump
configure:5664: result: no
configure:5674: checking for objdump
configure:5690: found /usr/bin/objdump
configure:5701: result: objdump
configure:5733: checking how to recognize dependent libraries
configure:5933: result: pass_all
configure:5978: checking for x86_64-redhat-linux-gnu-dlltool
configure:6008: result: no
configure:6018: checking for dlltool
configure:6048: result: no
configure:6078: checking how to associate runtime and link libraries
configure:6105: result: printf %s\n
configure:6122: checking for x86_64-redhat-linux-gnu-ar
configure:6152: result: no
configure:6166: checking for ar
configure:6182: found /usr/bin/ar
configure:6193: result: ar
configure:6230: checking for archiver @FILE support
configure:6247: gcc -c -g -O2  conftest.c >&5
configure:6247: $? = 0
configure:6250: ar cru libconftest.a @conftest.lst >&5
configure:6253: $? = 0
configure:6258: ar cru libconftest.a @conftest.lst >&5
ar: conftest.o: No such file or directory
configure:6261: $? = 1
configure:6273: result: @
configure:6291: checking for x86_64-redhat-linux-gnu-strip
configure:6321: result: no
configure:6331: checking for strip
configure:6347: found /usr/bin/strip
configure:6358: result: strip
configure:6390: checking for x86_64-redhat-linux-gnu-ranlib
configure:6420: result: no
configure:6430: checking for ranlib
configure:6446: found /usr/bin/ranlib
configure:6457: result: ranlib
configure:6559: checking command to parse /usr/bin/nm -B output from gcc object
configure:6712: gcc -c -g -O2  conftest.c >&5
configure:6715: $? = 0
configure:6719: /usr/bin/nm -B conftest.o \| sed -n -e 's/^.*[ ]\([ABCDGIRSTW][ABCDGIRSTW]*\)[ ][ ]*\([_A-Za-z][_A-Za-z0-9]*\)$/\1 \2 \2/p' | sed '/ __gnu_lto/d' \> conftest.nm
configure:6722: $? = 0
configure:6788: gcc -o conftest -g -O2   conftest.c conftstm.o >&5
configure:6791: $? = 0
configure:6829: result: ok
configure:6876: checking for sysroot
configure:6906: result: no
configure:6913: checking for a working dd
configure:6951: result: /usr/bin/dd
configure:6955: checking how to truncate binary pipes
configure:6970: result: /usr/bin/dd bs=4096 count=1
configure:7106: gcc -c -g -O2  conftest.c >&5
configure:7109: $? = 0
configure:7259: checking for x86_64-redhat-linux-gnu-mt
configure:7289: result: no
configure:7299: checking for mt
configure:7329: result: no
configure:7349: checking if : is a manifest tool
configure:7355: : '-?'
configure:7363: result: no
configure:8040: checking how to run the C preprocessor
configure:8071: gcc -E  conftest.c
configure:8071: $? = 0
configure:8085: gcc -E  conftest.c
conftest.c:11:10: fatal error: ac_nonexistent.h: No such file or directory
 #include <ac_nonexistent.h>
          ^~~~~~~~~~~~~~~~~~
compilation terminated.
configure:8085: $? = 1
configure: failed program was:
| /* confdefs.h */
| #define PACKAGE_NAME "freeipa"
| #define PACKAGE_TARNAME "freeipa"
| #define PACKAGE_VERSION "4.6.90.dev201806272025+git7c2dba191"
| #define PACKAGE_STRING "freeipa 4.6.90.dev201806272025+git7c2dba191"
| #define PACKAGE_BUGREPORT "https://hosted.fedoraproject.org/projects/freeipa/newticket"
| #define PACKAGE_URL ""
| #define PACKAGE "freeipa"
| #define VERSION "4.6.90.dev201806272025+git7c2dba191"
| /* end confdefs.h.  */
| #include <ac_nonexistent.h>
configure:8110: result: gcc -E
configure:8130: gcc -E  conftest.c
configure:8130: $? = 0
configure:8144: gcc -E  conftest.c
conftest.c:11:10: fatal error: ac_nonexistent.h: No such file or directory
 #include <ac_nonexistent.h>
          ^~~~~~~~~~~~~~~~~~
compilation terminated.
configure:8144: $? = 1
configure: failed program was:
| /* confdefs.h */
| #define PACKAGE_NAME "freeipa"
| #define PACKAGE_TARNAME "freeipa"
| #define PACKAGE_VERSION "4.6.90.dev201806272025+git7c2dba191"
| #define PACKAGE_STRING "freeipa 4.6.90.dev201806272025+git7c2dba191"
| #define PACKAGE_BUGREPORT "https://hosted.fedoraproject.org/projects/freeipa/newticket"
| #define PACKAGE_URL ""
| #define PACKAGE "freeipa"
| #define VERSION "4.6.90.dev201806272025+git7c2dba191"
| /* end confdefs.h.  */
| #include <ac_nonexistent.h>
configure:8173: checking for ANSI C header files
configure:8193: gcc -c -g -O2  conftest.c >&5
configure:8193: $? = 0
configure:8266: gcc -o conftest -g -O2   conftest.c  >&5
configure:8266: $? = 0
configure:8266: ./conftest
configure:8266: $? = 0
configure:8277: result: yes
configure:8290: checking for sys/types.h
configure:8290: gcc -c -g -O2  conftest.c >&5
configure:8290: $? = 0
configure:8290: result: yes
configure:8290: checking for sys/stat.h
configure:8290: gcc -c -g -O2  conftest.c >&5
configure:8290: $? = 0
configure:8290: result: yes
configure:8290: checking for stdlib.h
configure:8290: gcc -c -g -O2  conftest.c >&5
configure:8290: $? = 0
configure:8290: result: yes
configure:8290: checking for string.h
configure:8290: gcc -c -g -O2  conftest.c >&5
configure:8290: $? = 0
configure:8290: result: yes
configure:8290: checking for memory.h
configure:8290: gcc -c -g -O2  conftest.c >&5
configure:8290: $? = 0
configure:8290: result: yes
configure:8290: checking for strings.h
configure:8290: gcc -c -g -O2  conftest.c >&5
configure:8290: $? = 0
configure:8290: result: yes
configure:8290: checking for inttypes.h
configure:8290: gcc -c -g -O2  conftest.c >&5
configure:8290: $? = 0
configure:8290: result: yes
configure:8290: checking for stdint.h
configure:8290: gcc -c -g -O2  conftest.c >&5
configure:8290: $? = 0
configure:8290: result: yes
configure:8290: checking for unistd.h
configure:8290: gcc -c -g -O2  conftest.c >&5
configure:8290: $? = 0
configure:8290: result: yes
configure:8304: checking for dlfcn.h
configure:8304: gcc -c -g -O2  conftest.c >&5
configure:8304: $? = 0
configure:8304: result: yes
configure:8530: checking for objdir
configure:8545: result: .libs
configure:8809: checking if gcc supports -fno-rtti -fno-exceptions
configure:8827: gcc -c -g -O2  -fno-rtti -fno-exceptions conftest.c >&5
cc1: warning: command line option '-fno-rtti' is valid for C++/ObjC++ but not for C
configure:8831: $? = 0
configure:8844: result: no
configure:9202: checking for gcc option to produce PIC
configure:9209: result: -fPIC -DPIC
configure:9217: checking if gcc PIC flag -fPIC -DPIC works
configure:9235: gcc -c -g -O2  -fPIC -DPIC -DPIC conftest.c >&5
configure:9239: $? = 0
configure:9252: result: yes
configure:9281: checking if gcc static flag -static works
configure:9309: result: no
configure:9324: checking if gcc supports -c -o file.o
configure:9345: gcc -c -g -O2  -o out/conftest2.o conftest.c >&5
configure:9349: $? = 0
configure:9371: result: yes
configure:9379: checking if gcc supports -c -o file.o
configure:9426: result: yes
configure:9459: checking whether the gcc linker (/usr/bin/ld -m elf_x86_64) supports shared libraries
configure:10718: result: yes
configure:10755: checking whether -lc should be explicitly linked in
configure:10763: gcc -c -g -O2  conftest.c >&5
configure:10766: $? = 0
configure:10781: gcc -shared  -fPIC -DPIC conftest.o  -v -Wl,-soname -Wl,conftest -o conftest 2\>\&1 \| /usr/bin/grep  -lc  \>/dev/null 2\>\&1
configure:10784: $? = 0
configure:10798: result: no
configure:10958: checking dynamic linker characteristics
configure:11539: gcc -o conftest -g -O2   -Wl,-rpath -Wl,/foo conftest.c  >&5
configure:11539: $? = 0
configure:11779: result: GNU/Linux ld.so
configure:11901: checking how to hardcode library paths into programs
configure:11926: result: immediate
configure:12474: checking whether stripping libraries is possible
configure:12479: result: yes
configure:12514: checking if libtool supports shared libraries
configure:12516: result: yes
configure:12519: checking whether to build shared libraries
configure:12544: result: yes
configure:12547: checking whether to build static libraries
configure:12551: result: no
configure:12589: checking for ANSI C header files
configure:12693: result: yes
configure:12715: checking for x86_64-redhat-linux-gnu-pkg-config
configure:12733: found /usr/bin/x86_64-redhat-linux-gnu-pkg-config
configure:12745: result: /usr/bin/x86_64-redhat-linux-gnu-pkg-config
configure:12813: checking pkg-config is at least version 0.9.0
configure:12816: result: yes
configure:12873: checking for NSPR
configure:12880: $PKG_CONFIG --exists --print-errors "nspr"
configure:12883: $? = 0
configure:12897: $PKG_CONFIG --exists --print-errors "nspr"
configure:12900: $? = 0
configure:12958: result: yes
configure:12964: checking for NSS
configure:12971: $PKG_CONFIG --exists --print-errors "nss"
configure:12974: $? = 0
configure:12988: $PKG_CONFIG --exists --print-errors "nss"
configure:12991: $? = 0
configure:13049: result: yes
configure:13057: checking for KRB5
configure:13064: $PKG_CONFIG --exists --print-errors "krb5"
configure:13067: $? = 0
configure:13081: $PKG_CONFIG --exists --print-errors "krb5"
configure:13084: $? = 0
configure:13142: result: yes
configure:13147: checking kdb.h usability
configure:13147: gcc -c -g -O2 -Werror=implicit-function-declaration  conftest.c >&5
configure:13147: $? = 0
configure:13147: result: yes
configure:13147: checking kdb.h presence
configure:13147: gcc -E  conftest.c
configure:13147: $? = 0
configure:13147: result: yes
configure:13147: checking for kdb.h
configure:13147: result: yes
configure:13155: checking for kdb_vftabl.free_principal
configure:13155: gcc -c -g -O2 -Werror=implicit-function-declaration  conftest.c >&5
conftest.c: In function 'main':
conftest.c:30:13: error: 'kdb_vftabl {aka struct _kdb_vftabl}' has no member named 'free_principal'; did you mean 'get_principal'?
 if (ac_aggr.free_principal)
             ^~~~~~~~~~~~~~
             get_principal
configure:13155: $? = 1
configure: failed program was:
| /* confdefs.h */
| #define PACKAGE_NAME "freeipa"
| #define PACKAGE_TARNAME "freeipa"
| #define PACKAGE_VERSION "4.6.90.dev201806272025+git7c2dba191"
| #define PACKAGE_STRING "freeipa 4.6.90.dev201806272025+git7c2dba191"
| #define PACKAGE_BUGREPORT "https://hosted.fedoraproject.org/projects/freeipa/newticket"
| #define PACKAGE_URL ""
| #define PACKAGE "freeipa"
| #define VERSION "4.6.90.dev201806272025+git7c2dba191"
| #define STDC_HEADERS 1
| #define HAVE_SYS_TYPES_H 1
| #define HAVE_SYS_STAT_H 1
| #define HAVE_STDLIB_H 1
| #define HAVE_STRING_H 1
| #define HAVE_MEMORY_H 1
| #define HAVE_STRINGS_H 1
| #define HAVE_INTTYPES_H 1
| #define HAVE_STDINT_H 1
| #define HAVE_UNISTD_H 1
| #define HAVE_DLFCN_H 1
| #define LT_OBJDIR ".libs/"
| #define STDC_HEADERS 1
| /* end confdefs.h.  */
| #include <kdb.h>
| 
| int
| main ()
| {
| static kdb_vftabl ac_aggr;
| if (ac_aggr.free_principal)
| return 0;
|   ;
|   return 0;
| }
configure:13155: gcc -c -g -O2 -Werror=implicit-function-declaration  conftest.c >&5
conftest.c: In function 'main':
conftest.c:30:20: error: 'kdb_vftabl {aka struct _kdb_vftabl}' has no member named 'free_principal'; did you mean 'get_principal'?
 if (sizeof ac_aggr.free_principal)
                    ^~~~~~~~~~~~~~
                    get_principal
configure:13155: $? = 1
configure: failed program was:
| /* confdefs.h */
| #define PACKAGE_NAME "freeipa"
| #define PACKAGE_TARNAME "freeipa"
| #define PACKAGE_VERSION "4.6.90.dev201806272025+git7c2dba191"
| #define PACKAGE_STRING "freeipa 4.6.90.dev201806272025+git7c2dba191"
| #define PACKAGE_BUGREPORT "https://hosted.fedoraproject.org/projects/freeipa/newticket"
| #define PACKAGE_URL ""
| #define PACKAGE "freeipa"
| #define VERSION "4.6.90.dev201806272025+git7c2dba191"
| #define STDC_HEADERS 1
| #define HAVE_SYS_TYPES_H 1
| #define HAVE_SYS_STAT_H 1
| #define HAVE_STDLIB_H 1
| #define HAVE_STRING_H 1
| #define HAVE_MEMORY_H 1
| #define HAVE_STRINGS_H 1
| #define HAVE_INTTYPES_H 1
| #define HAVE_STDINT_H 1
| #define HAVE_UNISTD_H 1
| #define HAVE_DLFCN_H 1
| #define LT_OBJDIR ".libs/"
| #define STDC_HEADERS 1
| /* end confdefs.h.  */
| #include <kdb.h>
| 
| int
| main ()
| {
| static kdb_vftabl ac_aggr;
| if (sizeof ac_aggr.free_principal)
| return 0;
|   ;
|   return 0;
| }
configure:13155: result: no
configure:13162: KDB driver API has no free_principal callback
configure:13166: checking for kdb_vftabl.free_principal_e_data
configure:13166: gcc -c -g -O2 -Werror=implicit-function-declaration  conftest.c >&5
configure:13166: $? = 0
configure:13166: result: yes
configure:13191: checking for ldap_search in -lldap_r
configure:13216: gcc -o conftest -g -O2 -Werror=implicit-function-declaration -I/usr/include/nspr4  -I/usr/include/nss3 -I/usr/include/nspr4   conftest.c -lldap_r   >&5
configure:13216: $? = 0
configure:13225: result: yes
configure:13233: checking for ber_peek_tag in -llber
configure:13258: gcc -o conftest -g -O2 -Werror=implicit-function-declaration -I/usr/include/nspr4  -I/usr/include/nss3 -I/usr/include/nspr4   conftest.c -llber   >&5
configure:13258: $? = 0
configure:13267: result: yes
configure:13282: checking for CRYPTO
configure:13289: $PKG_CONFIG --exists --print-errors "libcrypto"
configure:13292: $? = 0
configure:13306: $PKG_CONFIG --exists --print-errors "libcrypto"
configure:13309: $? = 0
configure:13367: result: yes
configure:13373: Checking for Python
configure:13411: checking for a Python interpreter with version >= 2.7
configure:13428: python -c import sys # split strings by '.' and convert to numeric. Append some zeros # because we need at least 4 digits for the hex conversion. # map returns an iterator in Python 3.0 and a list in 2.x minver = list(map(int, '2.7'.split('.'))) + [0, 0, 0] minverhex = 0 # xrange is not present in Python 3.0 and range returns an iterator for i in list(range(0, 4)): minverhex = (minverhex << 8) + minver[i] sys.exit(sys.hexversion < minverhex)
configure:13431: $? = 0
configure:13437: result: python
configure:13445: checking for python
configure:13463: found /usr/bin/python
configure:13475: result: /usr/bin/python
configure:13493: checking for python version
configure:13500: result: 2.7
configure:13512: checking for python platform
configure:13519: result: linux2
configure:13545: checking for python script directory
configure:13580: result: ${prefix}/lib/python2.7/site-packages
configure:13589: checking for python extension module directory
configure:13624: result: ${exec_prefix}/lib64/python2.7/site-packages
configure:13645: checking for python2
configure:13663: found /usr/bin/python2
configure:13675: result: /usr/bin/python2
configure:13695: checking for python3
configure:13713: found /usr/bin/python3
configure:13725: result: /usr/bin/python3
configure:13744: $PKG_CONFIG --exists --print-errors "cmocka"
configure:13747: $? = 0
configure:13752: checking stdarg.h usability
configure:13752: gcc -c -g -O2 -Werror=implicit-function-declaration -I/usr/include/nspr4  -I/usr/include/nss3 -I/usr/include/nspr4  conftest.c >&5
configure:13752: $? = 0
configure:13752: result: yes
configure:13752: checking stdarg.h presence
configure:13752: gcc -E -I/usr/include/nspr4  -I/usr/include/nss3 -I/usr/include/nspr4  conftest.c
configure:13752: $? = 0
configure:13752: result: yes
configure:13752: checking for stdarg.h
configure:13752: result: yes
configure:13752: checking stddef.h usability
configure:13752: gcc -c -g -O2 -Werror=implicit-function-declaration -I/usr/include/nspr4  -I/usr/include/nss3 -I/usr/include/nspr4  conftest.c >&5
configure:13752: $? = 0
configure:13752: result: yes
configure:13752: checking stddef.h presence
configure:13752: gcc -E -I/usr/include/nspr4  -I/usr/include/nss3 -I/usr/include/nspr4  conftest.c
configure:13752: $? = 0
configure:13752: result: yes
configure:13752: checking for stddef.h
configure:13752: result: yes
configure:13752: checking setjmp.h usability
configure:13752: gcc -c -g -O2 -Werror=implicit-function-declaration -I/usr/include/nspr4  -I/usr/include/nss3 -I/usr/include/nspr4  conftest.c >&5
configure:13752: $? = 0
configure:13752: result: yes
configure:13752: checking setjmp.h presence
configure:13752: gcc -E -I/usr/include/nspr4  -I/usr/include/nss3 -I/usr/include/nspr4  conftest.c
configure:13752: $? = 0
configure:13752: result: yes
configure:13752: checking for setjmp.h
configure:13752: result: yes
configure:13771: checking for CMOCKA
configure:13778: $PKG_CONFIG --exists --print-errors "cmocka"
configure:13781: $? = 0
configure:13795: $PKG_CONFIG --exists --print-errors "cmocka"
configure:13798: $? = 0
configure:13856: result: yes
configure:13881: checking for nss_wrapper
configure:13884: $PKG_CONFIG --exists --print-errors "nss_wrapper"
configure:13887: $? = 0
configure:13890: result: yes
configure:13916: checking for POPT
configure:13923: $PKG_CONFIG --exists --print-errors "popt"
configure:13926: $? = 0
configure:13940: $PKG_CONFIG --exists --print-errors "popt"
configure:13943: $? = 0
configure:14081: result: yes
configure:14088: checking for SASL
configure:14095: $PKG_CONFIG --exists --print-errors "libsasl2"
configure:14098: $? = 0
configure:14112: $PKG_CONFIG --exists --print-errors "libsasl2"
configure:14115: $? = 0
configure:14173: result: yes
configure:14180: checking for XMLRPC
configure:14187: $PKG_CONFIG --exists --print-errors "xmlrpc xmlrpc_client xmlrpc_util"
configure:14190: $? = 0
configure:14204: $PKG_CONFIG --exists --print-errors "xmlrpc xmlrpc_client xmlrpc_util"
configure:14207: $? = 0
configure:14245: result: yes
configure:14308: checking libintl.h usability
configure:14308: gcc -c -g -O2 -Werror=implicit-function-declaration -I/usr/include/nspr4  -I/usr/include/nss3 -I/usr/include/nspr4  conftest.c >&5
configure:14308: $? = 0
configure:14308: result: yes
configure:14308: checking libintl.h presence
configure:14308: gcc -E -I/usr/include/nspr4  -I/usr/include/nss3 -I/usr/include/nspr4  conftest.c
configure:14308: $? = 0
configure:14308: result: yes
configure:14308: checking for libintl.h
configure:14308: result: yes
configure:14316: checking for library containing bindtextdomain
configure:14347: gcc -o conftest -g -O2 -Werror=implicit-function-declaration -I/usr/include/nspr4  -I/usr/include/nss3 -I/usr/include/nspr4   conftest.c  >&5
configure:14347: $? = 0
configure:14364: result: none required
configure:14382: checking for INI
configure:14389: $PKG_CONFIG --exists --print-errors "ini_config >= 1.2.0"
configure:14392: $? = 0
configure:14406: $PKG_CONFIG --exists --print-errors "ini_config >= 1.2.0"
configure:14409: $? = 0
configure:14467: result: yes
configure:14490: checking dirsrv/slapi-plugin.h usability
configure:14490: gcc -c -g -O2 -Werror=implicit-function-declaration -I/usr/include/nspr4  conftest.c >&5
configure:14490: $? = 0
configure:14490: result: yes
configure:14490: checking dirsrv/slapi-plugin.h presence
configure:14490: gcc -E -I/usr/include/nspr4  conftest.c
configure:14490: $? = 0
configure:14490: result: yes
configure:14490: checking for dirsrv/slapi-plugin.h
configure:14490: result: yes
configure:14499: checking dirsrv/repl-session-plugin.h usability
configure:14499: gcc -c -g -O2 -Werror=implicit-function-declaration -I/usr/include/nspr4  conftest.c >&5
configure:14499: $? = 0
configure:14499: result: yes
configure:14499: checking dirsrv/repl-session-plugin.h presence
configure:14499: gcc -E -I/usr/include/nspr4  conftest.c
configure:14499: $? = 0
configure:14499: result: yes
configure:14499: checking for dirsrv/repl-session-plugin.h
configure:14499: result: yes
configure:14516: checking for DIRSRV
configure:14523: $PKG_CONFIG --exists --print-errors "dirsrv  >= 1.3.0"
configure:14526: $? = 0
configure:14540: $PKG_CONFIG --exists --print-errors "dirsrv  >= 1.3.0"
configure:14543: $? = 0
configure:14601: result: yes
configure:14610: checking for SSSIDMAP
configure:14617: $PKG_CONFIG --exists --print-errors "sss_idmap"
configure:14620: $? = 0
configure:14634: $PKG_CONFIG --exists --print-errors "sss_idmap"
configure:14637: $? = 0
configure:14695: result: yes
configure:14701: checking for SSSNSSIDMAP
configure:14708: $PKG_CONFIG --exists --print-errors "sss_nss_idmap >= 1.15.2"
configure:14711: $? = 0
configure:14725: $PKG_CONFIG --exists --print-errors "sss_nss_idmap >= 1.15.2"
configure:14728: $? = 0
configure:14786: result: yes
configure:14790: checking for sss_nss_getlistbycert in -lsss_nss_idmap
configure:14815: gcc -o conftest -g -O2 -Werror=implicit-function-declaration -I/usr/include/nspr4  -I/usr/include/nss3 -I/usr/include/nspr4   conftest.c -lsss_nss_idmap   >&5
configure:14815: $? = 0
configure:14824: result: yes
configure:14834: $PKG_CONFIG --exists --print-errors "sss_certmap"
configure:14837: $? = 0
configure:14841: checking for SSSCERTMAP
configure:14848: $PKG_CONFIG --exists --print-errors "sss_certmap"
configure:14851: $? = 0
configure:14865: $PKG_CONFIG --exists --print-errors "sss_certmap"
configure:14868: $? = 0
configure:14926: result: yes
configure:14934: checking krb5/certauth_plugin.h usability
configure:14934: gcc -c -g -O2 -Werror=implicit-function-declaration -I/usr/include/nspr4  -I/usr/include/nss3 -I/usr/include/nspr4  conftest.c >&5
configure:14934: $? = 0
configure:14934: result: yes
configure:14934: checking krb5/certauth_plugin.h presence
configure:14934: gcc -E -I/usr/include/nspr4  -I/usr/include/nss3 -I/usr/include/nspr4  conftest.c
configure:14934: $? = 0
configure:14934: result: yes
configure:14934: checking for krb5/certauth_plugin.h
configure:14934: result: yes
configure:14944: checking krad.h usability
configure:14944: gcc -c -g -O2 -Werror=implicit-function-declaration -I/usr/include/nspr4  -I/usr/include/nss3 -I/usr/include/nspr4  conftest.c >&5
configure:14944: $? = 0
configure:14944: result: yes
configure:14944: checking krad.h presence
configure:14944: gcc -E -I/usr/include/nspr4  -I/usr/include/nss3 -I/usr/include/nspr4  conftest.c
configure:14944: $? = 0
configure:14944: result: yes
configure:14944: checking for krad.h
configure:14944: result: yes
configure:14952: checking for main in -lkrad
configure:14971: gcc -o conftest -g -O2 -Werror=implicit-function-declaration -I/usr/include/nspr4  -I/usr/include/nss3 -I/usr/include/nspr4   conftest.c -lkrad   >&5
configure:14971: $? = 0
configure:14980: result: yes
configure:14995: checking for UUID
configure:15002: $PKG_CONFIG --exists --print-errors "uuid"
configure:15005: $? = 0
configure:15019: $PKG_CONFIG --exists --print-errors "uuid"
configure:15022: $? = 0
configure:15080: result: yes
configure:15088: checking for TALLOC
configure:15095: $PKG_CONFIG --exists --print-errors "talloc"
configure:15098: $? = 0
configure:15112: $PKG_CONFIG --exists --print-errors "talloc"
configure:15115: $? = 0
configure:15173: result: yes
configure:15179: checking for TEVENT
configure:15186: $PKG_CONFIG --exists --print-errors "tevent"
configure:15189: $? = 0
configure:15203: $PKG_CONFIG --exists --print-errors "tevent"
configure:15206: $? = 0
configure:15264: result: yes
configure:15270: checking for NDRPAC
configure:15277: $PKG_CONFIG --exists --print-errors "ndr_krb5pac"
configure:15280: $? = 0
configure:15294: $PKG_CONFIG --exists --print-errors "ndr_krb5pac"
configure:15297: $? = 0
configure:15355: result: yes
configure:15361: checking for NDRNBT
configure:15368: $PKG_CONFIG --exists --print-errors "ndr_nbt"
configure:15371: $? = 0
configure:15385: $PKG_CONFIG --exists --print-errors "ndr_nbt"
configure:15388: $? = 0
configure:15446: result: yes
configure:15452: checking for NDR
configure:15459: $PKG_CONFIG --exists --print-errors "ndr"
configure:15462: $? = 0
configure:15476: $PKG_CONFIG --exists --print-errors "ndr"
configure:15479: $? = 0
configure:15537: result: yes
configure:15543: checking for SAMBAUTIL
configure:15550: $PKG_CONFIG --exists --print-errors "samba-util"
configure:15553: $? = 0
configure:15567: $PKG_CONFIG --exists --print-errors "samba-util"
configure:15570: $? = 0
configure:15628: result: yes
configure:15637: checking for struct PAC_DOMAIN_GROUP_MEMBERSHIP.domain_sid
configure:15637: gcc -c -I/usr/include/samba-4.0 -D_GNU_SOURCE=1 -DHAVE_IMMEDIATE_STRUCTURES=1  -I/usr/include/nspr4  -I/usr/include/nss3 -I/usr/include/nspr4  conftest.c >&5
configure:15637: $? = 0
configure:15637: result: yes
configure:15653: checking for make_pdb_method in -lsamba-passdb
configure:15678: gcc -o conftest -g -O2 -Werror=implicit-function-declaration -I/usr/include/nspr4  -I/usr/include/nss3 -I/usr/include/nspr4   conftest.c -lsamba-passdb -L/usr/lib64/samba -Wl,-rpath=/usr/lib64/samba  >&5
configure:15678: $? = 0
configure:15687: result: yes
configure:15746: checking for pdb_enum_upn_suffixes in -lsamba-passdb
configure:15771: gcc -o conftest -g -O2 -Werror=implicit-function-declaration -I/usr/include/nspr4  -I/usr/include/nss3 -I/usr/include/nspr4   conftest.c -lsamba-passdb -L/usr/lib64/samba -Wl,-rpath=/usr/lib64/samba  >&5
configure:15771: $? = 0
configure:15781: result: yes
configure:15793: checking for smbldap_get_ldap in -lsmbldap
configure:15818: gcc -o conftest -g -O2 -Werror=implicit-function-declaration -I/usr/include/nspr4  -I/usr/include/nss3 -I/usr/include/nspr4   conftest.c -lsmbldap -L/usr/lib64/samba -Wl,-rpath=/usr/lib64/samba  >&5
configure:15818: $? = 0
configure:15827: result: yes
configure:15839: checking for smbldap_set_bind_callback in -lsmbldap
configure:15864: gcc -o conftest -g -O2 -Werror=implicit-function-declaration -I/usr/include/nspr4  -I/usr/include/nss3 -I/usr/include/nspr4   conftest.c -lsmbldap -L/usr/lib64/samba -Wl,-rpath=/usr/lib64/samba  >&5
configure:15864: $? = 0
configure:15873: result: yes
configure:15888: checking unicase.h usability
configure:15888: gcc -c -g -O2 -Werror=implicit-function-declaration -I/usr/include/nspr4  -I/usr/include/nss3 -I/usr/include/nspr4  conftest.c >&5
configure:15888: $? = 0
configure:15888: result: yes
configure:15888: checking unicase.h presence
configure:15888: gcc -E -I/usr/include/nspr4  -I/usr/include/nss3 -I/usr/include/nspr4  conftest.c
configure:15888: $? = 0
configure:15888: result: yes
configure:15888: checking for unicase.h
configure:15888: result: yes
configure:15900: checking for ulc_casecmp in -lunistring
configure:15925: gcc -o conftest -g -O2 -Werror=implicit-function-declaration -I/usr/include/nspr4  -I/usr/include/nss3 -I/usr/include/nspr4   conftest.c -lunistring   >&5
configure:15925: $? = 0
configure:15934: result: yes
configure:15948: checking for LIBVERTO
configure:15955: $PKG_CONFIG --exists --print-errors "libverto"
configure:15958: $? = 0
configure:15972: $PKG_CONFIG --exists --print-errors "libverto"
configure:15975: $? = 0
configure:16033: result: yes
configure:16040: $PKG_CONFIG --exists --print-errors "systemd"
configure:16043: $? = 0
configure:16088: Build IPA KDB certauth plugin
configure:16099: checking for unlink
configure:16117: found /usr/bin/unlink
configure:16130: result: /usr/bin/unlink
configure:16152: checking whether NLS is requested
configure:16161: result: yes
configure:16201: checking for msgfmt
configure: trying /usr/bin/msgfmt...
0 translated messages.
configure:16233: result: /usr/bin/msgfmt
configure:16242: checking for gmsgfmt
configure:16273: result: /usr/bin/msgfmt
configure:16323: checking for xgettext
configure: trying /usr/bin/xgettext...
/usr/bin/xgettext: warning: file '/dev/null' extension '' is unknown; will try C
configure:16355: result: /usr/bin/xgettext
configure:16400: checking for msgmerge
configure: trying /usr/bin/msgmerge...
configure:16431: result: /usr/bin/msgmerge
configure:16489: checking for ld used by gcc
configure:16556: result: /usr/bin/ld -m elf_x86_64
configure:16563: checking if the linker (/usr/bin/ld -m elf_x86_64) is GNU ld
configure:16578: result: yes
configure:16585: checking for shared library run path origin
configure:16598: result: done
configure:17170: checking for CFPreferencesCopyAppValue
configure:17188: gcc -o conftest -g -O2 -Werror=implicit-function-declaration -I/usr/include/nspr4  -I/usr/include/nss3 -I/usr/include/nspr4   conftest.c  -Wl,-framework -Wl,CoreFoundation >&5
conftest.c:34:10: fatal error: CoreFoundation/CFPreferences.h: No such file or directory
 #include <CoreFoundation/CFPreferences.h>
          ^~~~~~~~~~~~~~~~~~~~~~~~~~~~~~~~
compilation terminated.
configure:17188: $? = 1
configure: failed program was:
| /* confdefs.h */
| #define PACKAGE_NAME "freeipa"
| #define PACKAGE_TARNAME "freeipa"
| #define PACKAGE_VERSION "4.6.90.dev201806272025+git7c2dba191"
| #define PACKAGE_STRING "freeipa 4.6.90.dev201806272025+git7c2dba191"
| #define PACKAGE_BUGREPORT "https://hosted.fedoraproject.org/projects/freeipa/newticket"
| #define PACKAGE_URL ""
| #define PACKAGE "freeipa"
| #define VERSION "4.6.90.dev201806272025+git7c2dba191"
| #define STDC_HEADERS 1
| #define HAVE_SYS_TYPES_H 1
| #define HAVE_SYS_STAT_H 1
| #define HAVE_STDLIB_H 1
| #define HAVE_STRING_H 1
| #define HAVE_MEMORY_H 1
| #define HAVE_STRINGS_H 1
| #define HAVE_INTTYPES_H 1
| #define HAVE_STDINT_H 1
| #define HAVE_UNISTD_H 1
| #define HAVE_DLFCN_H 1
| #define LT_OBJDIR ".libs/"
| #define STDC_HEADERS 1
| #define HAVE_KDB_FREEPRINCIPAL_EDATA 1
| #define HAVE_STDARG_H 1
| #define HAVE_STDDEF_H 1
| #define HAVE_SETJMP_H 1
| #define HAVE_STRUCT_PAC_DOMAIN_GROUP_MEMBERSHIP 1
| #define HAVE_PDB_ENUM_UPN_SUFFIXES 1
| #define HAVE_SMBLDAP_GET_LDAP 1
| #define HAVE_SMBLDAP_SET_BIND_CALLBACK 1
| #define HAVE_UNICASE_H 1
| #define HAVE_KRB5_CERTAUTH_PLUGIN 1
| /* end confdefs.h.  */
| #include <CoreFoundation/CFPreferences.h>
| int
| main ()
| {
| CFPreferencesCopyAppValue(NULL, NULL)
|   ;
|   return 0;
| }
configure:17197: result: no
configure:17204: checking for CFLocaleCopyCurrent
configure:17222: gcc -o conftest -g -O2 -Werror=implicit-function-declaration -I/usr/include/nspr4  -I/usr/include/nss3 -I/usr/include/nspr4   conftest.c  -Wl,-framework -Wl,CoreFoundation >&5
conftest.c:34:10: fatal error: CoreFoundation/CFLocale.h: No such file or directory
 #include <CoreFoundation/CFLocale.h>
          ^~~~~~~~~~~~~~~~~~~~~~~~~~~
compilation terminated.
configure:17222: $? = 1
configure: failed program was:
| /* confdefs.h */
| #define PACKAGE_NAME "freeipa"
| #define PACKAGE_TARNAME "freeipa"
| #define PACKAGE_VERSION "4.6.90.dev201806272025+git7c2dba191"
| #define PACKAGE_STRING "freeipa 4.6.90.dev201806272025+git7c2dba191"
| #define PACKAGE_BUGREPORT "https://hosted.fedoraproject.org/projects/freeipa/newticket"
| #define PACKAGE_URL ""
| #define PACKAGE "freeipa"
| #define VERSION "4.6.90.dev201806272025+git7c2dba191"
| #define STDC_HEADERS 1
| #define HAVE_SYS_TYPES_H 1
| #define HAVE_SYS_STAT_H 1
| #define HAVE_STDLIB_H 1
| #define HAVE_STRING_H 1
| #define HAVE_MEMORY_H 1
| #define HAVE_STRINGS_H 1
| #define HAVE_INTTYPES_H 1
| #define HAVE_STDINT_H 1
| #define HAVE_UNISTD_H 1
| #define HAVE_DLFCN_H 1
| #define LT_OBJDIR ".libs/"
| #define STDC_HEADERS 1
| #define HAVE_KDB_FREEPRINCIPAL_EDATA 1
| #define HAVE_STDARG_H 1
| #define HAVE_STDDEF_H 1
| #define HAVE_SETJMP_H 1
| #define HAVE_STRUCT_PAC_DOMAIN_GROUP_MEMBERSHIP 1
| #define HAVE_PDB_ENUM_UPN_SUFFIXES 1
| #define HAVE_SMBLDAP_GET_LDAP 1
| #define HAVE_SMBLDAP_SET_BIND_CALLBACK 1
| #define HAVE_UNICASE_H 1
| #define HAVE_KRB5_CERTAUTH_PLUGIN 1
| /* end confdefs.h.  */
| #include <CoreFoundation/CFLocale.h>
| int
| main ()
| {
| CFLocaleCopyCurrent();
|   ;
|   return 0;
| }
configure:17231: result: no
configure:17280: checking for GNU gettext in libc
configure:17304: gcc -o conftest -g -O2 -Werror=implicit-function-declaration -I/usr/include/nspr4  -I/usr/include/nss3 -I/usr/include/nspr4   conftest.c  >&5
configure:17304: $? = 0
configure:17313: result: yes
configure:18141: checking whether to use NLS
configure:18143: result: yes
configure:18146: checking where the gettext function comes from
configure:18157: result: libc
configure:18223: checking for gawk
configure:18250: result: gawk
configure:18261: checking for a sed that does not truncate output
configure:18325: result: /usr/bin/sed
configure:18333: checking for msgattrib
configure:18351: found /usr/bin/msgattrib
configure:18364: result: /usr/bin/msgattrib
configure:18385: checking supported IPA platform
configure:18404: result: fedora
configure:18422: checking NAMED_GROUP
configure:18425: result: named
configure:18428: checking ODS_USER
configure:18431: result: ods
configure:18434: checking python setup.py install extra options
configure:18438: result: none
configure:18455: checking if source directory is a Git reposistory
configure:18460: result: yes
configure:18515: checking for more warnings
configure:18559: result: no
configure:18600: checking for Pylint
configure:18613: result: yes
configure:18692: checking for jsl
configure:18710: found /usr/bin/jsl
configure:18723: result: /usr/bin/jsl
configure:18884: checking that generated files are newer than configure
configure:18890: result: done
configure:18965: creating ./config.status

## ---------------- ##
## Cache variables. ##
## ---------------- ##

ac_cv_build=x86_64-redhat-linux-gnu
ac_cv_c_compiler_gnu=yes
ac_cv_env_CC_set=
ac_cv_env_CC_value=
ac_cv_env_CFLAGS_set=
ac_cv_env_CFLAGS_value=
ac_cv_env_CMOCKA_CFLAGS_set=
ac_cv_env_CMOCKA_CFLAGS_value=
ac_cv_env_CMOCKA_LIBS_set=
ac_cv_env_CMOCKA_LIBS_value=
ac_cv_env_CPPFLAGS_set=
ac_cv_env_CPPFLAGS_value=
ac_cv_env_CPP_set=
ac_cv_env_CPP_value=
ac_cv_env_CRYPTO_CFLAGS_set=
ac_cv_env_CRYPTO_CFLAGS_value=
ac_cv_env_CRYPTO_LIBS_set=
ac_cv_env_CRYPTO_LIBS_value=
ac_cv_env_DIRSRV_CFLAGS_set=
ac_cv_env_DIRSRV_CFLAGS_value=
ac_cv_env_DIRSRV_LIBS_set=
ac_cv_env_DIRSRV_LIBS_value=
ac_cv_env_INI_CFLAGS_set=
ac_cv_env_INI_CFLAGS_value=
ac_cv_env_INI_LIBS_set=
ac_cv_env_INI_LIBS_value=
ac_cv_env_KRB5_CFLAGS_set=
ac_cv_env_KRB5_CFLAGS_value=
ac_cv_env_KRB5_LIBS_set=
ac_cv_env_KRB5_LIBS_value=
ac_cv_env_LDFLAGS_set=
ac_cv_env_LDFLAGS_value=
ac_cv_env_LIBS_set=
ac_cv_env_LIBS_value=
ac_cv_env_LIBVERTO_CFLAGS_set=
ac_cv_env_LIBVERTO_CFLAGS_value=
ac_cv_env_LIBVERTO_LIBS_set=
ac_cv_env_LIBVERTO_LIBS_value=
ac_cv_env_LT_SYS_LIBRARY_PATH_set=
ac_cv_env_LT_SYS_LIBRARY_PATH_value=
ac_cv_env_NDRNBT_CFLAGS_set=
ac_cv_env_NDRNBT_CFLAGS_value=
ac_cv_env_NDRNBT_LIBS_set=
ac_cv_env_NDRNBT_LIBS_value=
ac_cv_env_NDRPAC_CFLAGS_set=
ac_cv_env_NDRPAC_CFLAGS_value=
ac_cv_env_NDRPAC_LIBS_set=
ac_cv_env_NDRPAC_LIBS_value=
ac_cv_env_NDR_CFLAGS_set=
ac_cv_env_NDR_CFLAGS_value=
ac_cv_env_NDR_LIBS_set=
ac_cv_env_NDR_LIBS_value=
ac_cv_env_NSPR_CFLAGS_set=
ac_cv_env_NSPR_CFLAGS_value=
ac_cv_env_NSPR_LIBS_set=
ac_cv_env_NSPR_LIBS_value=
ac_cv_env_NSS_CFLAGS_set=
ac_cv_env_NSS_CFLAGS_value=
ac_cv_env_NSS_LIBS_set=
ac_cv_env_NSS_LIBS_value=
ac_cv_env_PKG_CONFIG_LIBDIR_set=
ac_cv_env_PKG_CONFIG_LIBDIR_value=
ac_cv_env_PKG_CONFIG_PATH_set=
ac_cv_env_PKG_CONFIG_PATH_value=
ac_cv_env_PKG_CONFIG_set=
ac_cv_env_PKG_CONFIG_value=
ac_cv_env_POPT_CFLAGS_set=
ac_cv_env_POPT_CFLAGS_value=
ac_cv_env_POPT_LIBS_set=
ac_cv_env_POPT_LIBS_value=
ac_cv_env_PYTHON_set=
ac_cv_env_PYTHON_value=
ac_cv_env_SAMBAUTIL_CFLAGS_set=
ac_cv_env_SAMBAUTIL_CFLAGS_value=
ac_cv_env_SAMBAUTIL_LIBS_set=
ac_cv_env_SAMBAUTIL_LIBS_value=
ac_cv_env_SASL_CFLAGS_set=
ac_cv_env_SASL_CFLAGS_value=
ac_cv_env_SASL_LIBS_set=
ac_cv_env_SASL_LIBS_value=
ac_cv_env_SSSCERTMAP_CFLAGS_set=
ac_cv_env_SSSCERTMAP_CFLAGS_value=
ac_cv_env_SSSCERTMAP_LIBS_set=
ac_cv_env_SSSCERTMAP_LIBS_value=
ac_cv_env_SSSIDMAP_CFLAGS_set=
ac_cv_env_SSSIDMAP_CFLAGS_value=
ac_cv_env_SSSIDMAP_LIBS_set=
ac_cv_env_SSSIDMAP_LIBS_value=
ac_cv_env_SSSNSSIDMAP_CFLAGS_set=
ac_cv_env_SSSNSSIDMAP_CFLAGS_value=
ac_cv_env_SSSNSSIDMAP_LIBS_set=
ac_cv_env_SSSNSSIDMAP_LIBS_value=
ac_cv_env_TALLOC_CFLAGS_set=
ac_cv_env_TALLOC_CFLAGS_value=
ac_cv_env_TALLOC_LIBS_set=
ac_cv_env_TALLOC_LIBS_value=
ac_cv_env_TEVENT_CFLAGS_set=
ac_cv_env_TEVENT_CFLAGS_value=
ac_cv_env_TEVENT_LIBS_set=
ac_cv_env_TEVENT_LIBS_value=
ac_cv_env_UUID_CFLAGS_set=
ac_cv_env_UUID_CFLAGS_value=
ac_cv_env_UUID_LIBS_set=
ac_cv_env_UUID_LIBS_value=
ac_cv_env_XMLRPC_CFLAGS_set=
ac_cv_env_XMLRPC_CFLAGS_value=
ac_cv_env_XMLRPC_LIBS_set=
ac_cv_env_XMLRPC_LIBS_value=
ac_cv_env_build_alias_set=set
ac_cv_env_build_alias_value=x86_64-redhat-linux-gnu
ac_cv_env_host_alias_set=set
ac_cv_env_host_alias_value=x86_64-redhat-linux-gnu
ac_cv_env_target_alias_set=
ac_cv_env_target_alias_value=
ac_cv_header_dirsrv_repl_session_plugin_h=yes
ac_cv_header_dirsrv_slapi_plugin_h=yes
ac_cv_header_dlfcn_h=yes
ac_cv_header_inttypes_h=yes
ac_cv_header_kdb_h=yes
ac_cv_header_krad_h=yes
ac_cv_header_krb5_certauth_plugin_h=yes
ac_cv_header_libintl_h=yes
ac_cv_header_memory_h=yes
ac_cv_header_setjmp_h=yes
ac_cv_header_stdarg_h=yes
ac_cv_header_stdc=yes
ac_cv_header_stddef_h=yes
ac_cv_header_stdint_h=yes
ac_cv_header_stdlib_h=yes
ac_cv_header_string_h=yes
ac_cv_header_strings_h=yes
ac_cv_header_sys_stat_h=yes
ac_cv_header_sys_types_h=yes
ac_cv_header_unicase_h=yes
ac_cv_header_unistd_h=yes
ac_cv_host=x86_64-redhat-linux-gnu
ac_cv_lib_krad_main=yes
ac_cv_lib_lber_ber_peek_tag=yes
ac_cv_lib_ldap_r_ldap_search=yes
ac_cv_lib_samba_passdb___pdb_enum_upn_suffixes=yes
ac_cv_lib_samba_passdb_make_pdb_method=yes
ac_cv_lib_smbldap_smbldap_get_ldap=yes
ac_cv_lib_smbldap_smbldap_set_bind_callback=yes
ac_cv_lib_sss_nss_idmap_sss_nss_getlistbycert=yes
ac_cv_lib_unistring_ulc_casecmp=yes
ac_cv_member_kdb_vftabl_free_principal=no
ac_cv_member_kdb_vftabl_free_principal_e_data=yes
ac_cv_member_struct_PAC_DOMAIN_GROUP_MEMBERSHIP_domain_sid=yes
ac_cv_objext=o
ac_cv_path_EGREP='/usr/bin/grep -E'
ac_cv_path_FGREP='/usr/bin/grep -F'
ac_cv_path_GMSGFMT=/usr/bin/msgfmt
ac_cv_path_GREP=/usr/bin/grep
ac_cv_path_JSLINT=/usr/bin/jsl
ac_cv_path_MSGATTRIB=/usr/bin/msgattrib
ac_cv_path_MSGFMT=/usr/bin/msgfmt
ac_cv_path_MSGMERGE=/usr/bin/msgmerge
ac_cv_path_PKG_CONFIG=/usr/bin/x86_64-redhat-linux-gnu-pkg-config
ac_cv_path_PYTHON2=/usr/bin/python2
ac_cv_path_PYTHON3=/usr/bin/python3
ac_cv_path_PYTHON=/usr/bin/python
ac_cv_path_SED=/usr/bin/sed
ac_cv_path_UNLINK=/usr/bin/unlink
ac_cv_path_XGETTEXT=/usr/bin/xgettext
ac_cv_path_install='/usr/bin/install -c'
ac_cv_path_lt_DD=/usr/bin/dd
ac_cv_path_mkdir=/usr/bin/mkdir
ac_cv_prog_AWK=gawk
ac_cv_prog_CPP='gcc -E'
ac_cv_prog_ac_ct_AR=ar
ac_cv_prog_ac_ct_CC=gcc
ac_cv_prog_ac_ct_OBJDUMP=objdump
ac_cv_prog_ac_ct_RANLIB=ranlib
ac_cv_prog_ac_ct_STRIP=strip
ac_cv_prog_cc_c89=
ac_cv_prog_cc_c99=
ac_cv_prog_cc_g=yes
ac_cv_prog_make_make_set=yes
ac_cv_search_bindtextdomain='none required'
acl_cv_hardcode_direct=no
acl_cv_hardcode_libdir_flag_spec='${wl}-rpath ${wl}$libdir'
acl_cv_hardcode_libdir_separator=
acl_cv_hardcode_minus_L=no
acl_cv_libext=a
acl_cv_libname_spec='lib$name'
acl_cv_library_names_spec='$libname$shrext'
acl_cv_path_LD='/usr/bin/ld -m elf_x86_64'
acl_cv_prog_gnu_ld=yes
acl_cv_rpath=done
acl_cv_shlibext=so
acl_cv_wl=-Wl,
am_cv_CC_dependencies_compiler_type=gcc3
am_cv_make_support_nested_variables=yes
am_cv_pathless_PYTHON=python
am_cv_prog_cc_c_o=yes
am_cv_prog_tar_pax=gnutar
am_cv_python_platform=linux2
am_cv_python_pyexecdir='${exec_prefix}/lib64/python2.7/site-packages'
am_cv_python_pythondir='${prefix}/lib/python2.7/site-packages'
am_cv_python_version=2.7
gt_cv_func_CFLocaleCopyCurrent=no
gt_cv_func_CFPreferencesCopyAppValue=no
gt_cv_func_gnugettext1_libc=yes
lt_cv_ar_at_file=@
lt_cv_archive_cmds_need_lc=no
lt_cv_deplibs_check_method=pass_all
lt_cv_file_magic_cmd='$MAGIC_CMD'
lt_cv_file_magic_test_file=
lt_cv_ld_reload_flag=-r
lt_cv_nm_interface='BSD nm'
lt_cv_objdir=.libs
lt_cv_path_LD=/usr/bin/ld
lt_cv_path_NM='/usr/bin/nm -B'
lt_cv_path_mainfest_tool=no
lt_cv_prog_compiler_c_o=yes
lt_cv_prog_compiler_pic='-fPIC -DPIC'
lt_cv_prog_compiler_pic_works=yes
lt_cv_prog_compiler_rtti_exceptions=no
lt_cv_prog_compiler_static_works=no
lt_cv_prog_gnu_ld=yes
lt_cv_sharedlib_from_linklib_cmd='printf %s\n'
lt_cv_shlibpath_overrides_runpath=no
lt_cv_sys_global_symbol_pipe='sed -n -e '\''s/^.*[	 ]\([ABCDGIRSTW][ABCDGIRSTW]*\)[	 ][	 ]*\([_A-Za-z][_A-Za-z0-9]*\)$/\1 \2 \2/p'\'' | sed '\''/ __gnu_lto/d'\'''
lt_cv_sys_global_symbol_to_c_name_address='sed -n -e '\''s/^: \(.*\) .*$/  {"\1", (void *) 0},/p'\'' -e '\''s/^[ABCDGIRSTW][ABCDGIRSTW]* .* \(.*\)$/  {"\1", (void *) \&\1},/p'\'''
lt_cv_sys_global_symbol_to_c_name_address_lib_prefix='sed -n -e '\''s/^: \(.*\) .*$/  {"\1", (void *) 0},/p'\'' -e '\''s/^[ABCDGIRSTW][ABCDGIRSTW]* .* \(lib.*\)$/  {"\1", (void *) \&\1},/p'\'' -e '\''s/^[ABCDGIRSTW][ABCDGIRSTW]* .* \(.*\)$/  {"lib\1", (void *) \&\1},/p'\'''
lt_cv_sys_global_symbol_to_cdecl='sed -n -e '\''s/^T .* \(.*\)$/extern int \1();/p'\'' -e '\''s/^[ABCDGIRSTW][ABCDGIRSTW]* .* \(.*\)$/extern char \1;/p'\'''
lt_cv_sys_global_symbol_to_import=
lt_cv_sys_max_cmd_len=1572864
lt_cv_to_host_file_cmd=func_convert_file_noop
lt_cv_to_tool_file_cmd=func_convert_file_noop
lt_cv_truncate_bin='/usr/bin/dd bs=4096 count=1'
pkg_cv_CMOCKA_CFLAGS=
pkg_cv_CMOCKA_LIBS='-lcmocka '
pkg_cv_CRYPTO_CFLAGS=
pkg_cv_CRYPTO_LIBS='-lcrypto '
pkg_cv_DIRSRV_CFLAGS='-DUSE_OPENLDAP -I/usr/include/dirsrv '
pkg_cv_DIRSRV_LIBS='-L/usr/lib64/dirsrv -lslapd '
pkg_cv_INI_CFLAGS=
pkg_cv_INI_LIBS='-lini_config -lbasicobjects -lref_array -lcollection '
pkg_cv_KRB5_CFLAGS=
pkg_cv_KRB5_LIBS='-lkrb5 -lk5crypto -lcom_err '
pkg_cv_LIBVERTO_CFLAGS=
pkg_cv_LIBVERTO_LIBS='-lverto '
pkg_cv_NDRNBT_CFLAGS='-I/usr/include/samba-4.0 -D_GNU_SOURCE=1 -DHAVE_IMMEDIATE_STRUCTURES=1 '
pkg_cv_NDRNBT_LIBS='-lndr-nbt -lndr -lsamba-util -ltevent -ltalloc '
pkg_cv_NDRPAC_CFLAGS='-I/usr/include/samba-4.0 -D_GNU_SOURCE=1 -DHAVE_IMMEDIATE_STRUCTURES=1 '
pkg_cv_NDRPAC_LIBS='-lndr-krb5pac -lndr-standard -lndr -lsamba-util -ltevent -ltalloc '
pkg_cv_NDR_CFLAGS='-I/usr/include/samba-4.0 -D_GNU_SOURCE=1 -DHAVE_IMMEDIATE_STRUCTURES=1 '
pkg_cv_NDR_LIBS='-lndr -lsamba-util -ltevent -ltalloc '
pkg_cv_NSPR_CFLAGS='-I/usr/include/nspr4 '
pkg_cv_NSPR_LIBS='-lplds4 -lplc4 -lnspr4 -lpthread -ldl '
pkg_cv_NSS_CFLAGS='-I/usr/include/nss3 -I/usr/include/nspr4 '
pkg_cv_NSS_LIBS='-lssl3 -lsmime3 -lnss3 -lnssutil3 -lplds4 -lplc4 -lnspr4 -lpthread -ldl '
pkg_cv_POPT_CFLAGS=
pkg_cv_POPT_LIBS='-lpopt '
pkg_cv_SAMBAUTIL_CFLAGS='-I/usr/include/samba-4.0 -DHAVE_IMMEDIATE_STRUCTURES=1 '
pkg_cv_SAMBAUTIL_LIBS='-lsamba-util -ltevent -ltalloc '
pkg_cv_SASL_CFLAGS=
pkg_cv_SASL_LIBS='-lsasl2 '
pkg_cv_SSSCERTMAP_CFLAGS=
pkg_cv_SSSCERTMAP_LIBS='-lsss_certmap '
pkg_cv_SSSIDMAP_CFLAGS=
pkg_cv_SSSIDMAP_LIBS='-lsss_idmap '
pkg_cv_SSSNSSIDMAP_CFLAGS=
pkg_cv_SSSNSSIDMAP_LIBS='-lsss_nss_idmap '
pkg_cv_TALLOC_CFLAGS=
pkg_cv_TALLOC_LIBS='-ltalloc '
pkg_cv_TEVENT_CFLAGS=
pkg_cv_TEVENT_LIBS='-ltevent -ltalloc '
pkg_cv_UUID_CFLAGS='-I/usr/include/uuid '
pkg_cv_UUID_LIBS='-luuid '
pkg_cv_XMLRPC_CFLAGS=
pkg_cv_XMLRPC_LIBS='-lxmlrpc -lxmlrpc_client -lxmlrpc_util '

## ----------------- ##
## Output variables. ##
## ----------------- ##

ACLOCAL='${SHELL} /home/jman/git/freeipa-deps/freeipa/missing aclocal-1.15'
AMDEPBACKSLASH='\'
AMDEP_FALSE='#'
AMDEP_TRUE=''
AMTAR='$${TAR-tar}'
AM_BACKSLASH='\'
AM_DEFAULT_V='$(AM_DEFAULT_VERBOSITY)'
AM_DEFAULT_VERBOSITY='0'
AM_V='$(V)'
API_VERSION='2.229'
AR='ar'
AUTOCONF='${SHELL} /home/jman/git/freeipa-deps/freeipa/missing autoconf'
AUTOHEADER='${SHELL} /home/jman/git/freeipa-deps/freeipa/missing autoheader'
AUTOMAKE='${SHELL} /home/jman/git/freeipa-deps/freeipa/missing automake-1.15'
AWK='gawk'
BUILD_IPA_CERTAUTH_PLUGIN_FALSE='#'
BUILD_IPA_CERTAUTH_PLUGIN_TRUE=''
CC='gcc'
CCDEPMODE='depmode=gcc3'
CFLAGS='-g -O2 -Werror=implicit-function-declaration'
CMOCKA_CFLAGS=''
CMOCKA_LIBS='-lcmocka '
CONFIG_STATUS='./config.status'
CPP='gcc -E'
CPPFLAGS='-I/usr/include/nspr4  -I/usr/include/nss3 -I/usr/include/nspr4 '
CRYPTO_CFLAGS=''
CRYPTO_LIBS='-lcrypto '
CYGPATH_W='echo'
DATA_VERSION='20100614120000'
DEFS='-DHAVE_CONFIG_H'
DEPDIR='.deps'
DIRSRV_CFLAGS='-DUSE_OPENLDAP -I/usr/include/dirsrv  -I/usr/include/nspr4 '
DIRSRV_LIBS='-L/usr/lib64/dirsrv -lslapd '
DLLTOOL='false'
DSYMUTIL=''
DUMPBIN=''
ECHO_C=''
ECHO_N='-n'
ECHO_T=''
EGREP='/usr/bin/grep -E'
ENABLE_SERVER_FALSE='#'
ENABLE_SERVER_TRUE=''
EXEEXT=''
FGREP='/usr/bin/grep -F'
GETTEXT_DOMAIN='ipa'
GETTEXT_MACRO_VERSION='0.18'
GIT_VERSION='dev201806272025+git7c2dba191'
GMSGFMT='/usr/bin/msgfmt'
GMSGFMT_015='/usr/bin/msgfmt'
GREP='/usr/bin/grep'
HAVE_CMOCKA_FALSE='#'
HAVE_CMOCKA_TRUE=''
HAVE_GCC_FALSE='#'
HAVE_GCC_TRUE=''
HAVE_NSS_WRAPPER_FALSE='#'
HAVE_NSS_WRAPPER_TRUE=''
INI_CFLAGS=''
INI_LIBS='-lini_config -lbasicobjects -lref_array -lcollection '
INSTALL_DATA='${INSTALL} -m 644'
INSTALL_PROGRAM='${INSTALL}'
INSTALL_SCRIPT='${INSTALL}'
INSTALL_STRIP_PROGRAM='$(install_sh) -c -s'
INTLLIBS=''
INTL_MACOSX_LIBS=''
IPAPLATFORM='fedora'
IPA_DATA_DIR='/usr/share/ipa'
IPA_SYSCONF_DIR='/etc/ipa'
IS_GIT_SNAPSHOT_FALSE='#'
IS_GIT_SNAPSHOT_TRUE=''
JSLINT='/usr/bin/jsl'
KRAD_LIBS='-lkrad'
KRB5KDC_SERVICE='krb5kdc.service'
KRB5_CFLAGS=''
KRB5_LIBS='-lkrb5 -lk5crypto -lcom_err '
LD='/usr/bin/ld -m elf_x86_64'
LDAP_CFLAGS=''
LDAP_LIBS='-lldap_r -llber'
LDFLAGS=''
LIBICONV='-liconv'
LIBINTL=''
LIBINTL_LIBS=''
LIBOBJS=''
LIBPDB_NAME='samba-passdb'
LIBS=''
LIBTOOL='$(SHELL) $(top_builddir)/libtool'
LIBVERTO_CFLAGS=''
LIBVERTO_LIBS='-lverto '
LIPO=''
LN_S='ln -s'
LTLIBICONV='-liconv'
LTLIBINTL=''
LTLIBOBJS=''
LT_SYS_LIBRARY_PATH=''
MAKEINFO='${SHELL} /home/jman/git/freeipa-deps/freeipa/missing makeinfo'
MANIFEST_TOOL=':'
MKDIR_P='/usr/bin/mkdir -p'
MK_ASSIGN='='
MK_ELSE='else'
MK_ENDIF='endif'
MK_IFEQ='ifeq'
MSGATTRIB='/usr/bin/msgattrib'
MSGFMT='/usr/bin/msgfmt'
MSGFMT_015='/usr/bin/msgfmt'
MSGMERGE='/usr/bin/msgmerge'
NAMED_GROUP='named'
NDRNBT_CFLAGS='-I/usr/include/samba-4.0 -D_GNU_SOURCE=1 -DHAVE_IMMEDIATE_STRUCTURES=1 '
NDRNBT_LIBS='-lndr-nbt -lndr -lsamba-util -ltevent -ltalloc '
NDRPAC_CFLAGS='-I/usr/include/samba-4.0 -D_GNU_SOURCE=1 -DHAVE_IMMEDIATE_STRUCTURES=1 '
NDRPAC_LIBS='-lndr-krb5pac -lndr-standard -lndr -lsamba-util -ltevent -ltalloc '
NDR_CFLAGS='-I/usr/include/samba-4.0 -D_GNU_SOURCE=1 -DHAVE_IMMEDIATE_STRUCTURES=1 '
NDR_LIBS='-lndr -lsamba-util -ltevent -ltalloc '
NM='/usr/bin/nm -B'
NMEDIT=''
NSPR_CFLAGS='-I/usr/include/nspr4 '
NSPR_LIBS='-lplds4 -lplc4 -lnspr4 -lpthread -ldl '
NSS_CFLAGS='-I/usr/include/nss3 -I/usr/include/nspr4 '
NSS_LIBS='-lssl3 -lsmime3 -lnss3 -lnssutil3 -lplds4 -lplc4 -lnspr4 -lpthread -ldl '
NUM_VERSION='40690'
OBJDUMP='objdump'
OBJEXT='o'
ODS_USER='ods'
OTOOL64=''
OTOOL=''
PACKAGE='freeipa'
PACKAGE_BUGREPORT='https://hosted.fedoraproject.org/projects/freeipa/newticket'
PACKAGE_NAME='freeipa'
PACKAGE_STRING='freeipa 4.6.90.dev201806272025+git7c2dba191'
PACKAGE_TARNAME='freeipa'
PACKAGE_URL=''
PACKAGE_VERSION='4.6.90.dev201806272025+git7c2dba191'
PATH_SEPARATOR=':'
PKG_CONFIG='/usr/bin/x86_64-redhat-linux-gnu-pkg-config'
PKG_CONFIG_LIBDIR=''
PKG_CONFIG_PATH=''
POPT_CFLAGS=''
POPT_LIBS='-lpopt '
POSUB='po'
PYLINT='yes'
PYTHON2='/usr/bin/python2'
PYTHON3='/usr/bin/python3'
PYTHON='/usr/bin/python'
PYTHON_EXEC_PREFIX='${exec_prefix}'
PYTHON_INSTALL_EXTRA_OPTIONS=''
PYTHON_PLATFORM='linux2'
PYTHON_PREFIX='${prefix}'
PYTHON_VERSION='2.7'
RANLIB='ranlib'
SAMBA40EXTRA_LIBPATH='-L/usr/lib64/samba -Wl,-rpath=/usr/lib64/samba'
SAMBAUTIL_CFLAGS='-I/usr/include/samba-4.0 -DHAVE_IMMEDIATE_STRUCTURES=1 '
SAMBAUTIL_LIBS='-lsamba-util -ltevent -ltalloc '
SASL_CFLAGS=''
SASL_LIBS='-lsasl2 '
SED='/usr/bin/sed'
SET_MAKE=''
SHELL='/bin/sh'
SSSCERTMAP_CFLAGS=''
SSSCERTMAP_LIBS='-lsss_certmap '
SSSIDMAP_CFLAGS=''
SSSIDMAP_LIBS='-lsss_idmap '
SSSNSSIDMAP_CFLAGS=''
SSSNSSIDMAP_LIBS='-lsss_nss_idmap '
STRIP='strip'
TALLOC_CFLAGS=''
TALLOC_LIBS='-ltalloc '
TEVENT_CFLAGS=''
TEVENT_LIBS='-ltevent -ltalloc '
UNISTRING_LIBS='-lunistring'
UNLINK='/usr/bin/unlink'
USE_NLS='yes'
UUID_CFLAGS='-I/usr/include/uuid '
UUID_LIBS='-luuid '
VENDOR_SUFFIX=''
VERBOSE_MAKE_FALSE=''
VERBOSE_MAKE_TRUE='#'
VERSION='4.6.90.dev201806272025+git7c2dba191'
WITH_IPATESTS_FALSE='#'
WITH_IPATESTS_TRUE=''
WITH_JSLINT_FALSE='#'
WITH_JSLINT_TRUE=''
WITH_POLINT_FALSE='#'
WITH_POLINT_TRUE=''
WITH_PYLINT_FALSE='#'
WITH_PYLINT_TRUE=''
WITH_PYTHON2_FALSE='#'
WITH_PYTHON2_TRUE=''
WITH_PYTHON3_FALSE='#'
WITH_PYTHON3_TRUE=''
XGETTEXT='/usr/bin/xgettext'
XGETTEXT_015='/usr/bin/xgettext'
XGETTEXT_EXTRA_OPTIONS=''
XMLRPC_CFLAGS=''
XMLRPC_LIBS='-lxmlrpc -lxmlrpc_client -lxmlrpc_util '
ac_ct_AR='ar'
ac_ct_CC='gcc'
ac_ct_DUMPBIN=''
am__EXEEXT_FALSE=''
am__EXEEXT_TRUE='#'
am__fastdepCC_FALSE='#'
am__fastdepCC_TRUE=''
am__include='include'
am__isrc=''
am__leading_dot='.'
am__nodep='_no'
am__quote=''
am__tar='tar --format=posix -chf - "$$tardir"'
am__untar='tar -xf -'
bindir='/usr/bin'
build='x86_64-redhat-linux-gnu'
build_alias='x86_64-redhat-linux-gnu'
build_cpu='x86_64'
build_os='linux-gnu'
build_vendor='redhat'
datadir='/usr/share'
datarootdir='${prefix}/share'
docdir='${datarootdir}/doc/${PACKAGE_TARNAME}'
dvidir='${docdir}'
exec_prefix='/usr'
host='x86_64-redhat-linux-gnu'
host_alias='x86_64-redhat-linux-gnu'
host_cpu='x86_64'
host_os='linux-gnu'
host_vendor='redhat'
htmldir='${docdir}'
i18ntests=''
includedir='/usr/include'
infodir='/usr/share/info'
install_sh='${SHELL} /home/jman/git/freeipa-deps/freeipa/install-sh'
krb5rundir='/var/run/krb5kdc'
libdir='/usr/lib64'
libexecdir='/usr/libexec'
localedir='${datarootdir}/locale'
localstatedir='/var'
mandir='/usr/share/man'
mkdir_p='$(MKDIR_P)'
oldincludedir='/usr/include'
pdfdir='${docdir}'
pkgpyexecdir='${pyexecdir}/freeipa'
pkgpythondir='${pythondir}/freeipa'
prefix='/usr'
program_transform_name='s&^&&'
psdir='${docdir}'
pyexecdir='${exec_prefix}/lib64/python2.7/site-packages'
pythondir='${prefix}/lib/python2.7/site-packages'
sbindir='/usr/sbin'
sharedstatedir='/var/lib'
sysconfdir='/etc'
sysconfenvdir='/etc/sysconfig'
systemdsystemunitdir='/usr/lib/systemd/system'
systemdtmpfilesdir='/usr/lib/tmpfiles.d'
target_alias=''

## ----------- ##
## confdefs.h. ##
## ----------- ##

/* confdefs.h */
#define PACKAGE_NAME "freeipa"
#define PACKAGE_TARNAME "freeipa"
#define PACKAGE_VERSION "4.6.90.dev201806272025+git7c2dba191"
#define PACKAGE_STRING "freeipa 4.6.90.dev201806272025+git7c2dba191"
#define PACKAGE_BUGREPORT "https://hosted.fedoraproject.org/projects/freeipa/newticket"
#define PACKAGE_URL ""
#define PACKAGE "freeipa"
#define VERSION "4.6.90.dev201806272025+git7c2dba191"
#define STDC_HEADERS 1
#define HAVE_SYS_TYPES_H 1
#define HAVE_SYS_STAT_H 1
#define HAVE_STDLIB_H 1
#define HAVE_STRING_H 1
#define HAVE_MEMORY_H 1
#define HAVE_STRINGS_H 1
#define HAVE_INTTYPES_H 1
#define HAVE_STDINT_H 1
#define HAVE_UNISTD_H 1
#define HAVE_DLFCN_H 1
#define LT_OBJDIR ".libs/"
#define STDC_HEADERS 1
#define HAVE_KDB_FREEPRINCIPAL_EDATA 1
#define HAVE_STDARG_H 1
#define HAVE_STDDEF_H 1
#define HAVE_SETJMP_H 1
#define HAVE_STRUCT_PAC_DOMAIN_GROUP_MEMBERSHIP 1
#define HAVE_PDB_ENUM_UPN_SUFFIXES 1
#define HAVE_SMBLDAP_GET_LDAP 1
#define HAVE_SMBLDAP_SET_BIND_CALLBACK 1
#define HAVE_UNICASE_H 1
#define HAVE_KRB5_CERTAUTH_PLUGIN 1
#define ENABLE_NLS 1
#define HAVE_GETTEXT 1
#define HAVE_DCGETTEXT 1

configure: exit 0

## ---------------------- ##
## Running config.status. ##
## ---------------------- ##

This file was extended by freeipa config.status 4.6.90.dev201806272025+git7c2dba191, which was
generated by GNU Autoconf 2.69.  Invocation command line was

  CONFIG_FILES    = 
  CONFIG_HEADERS  = 
  CONFIG_LINKS    = 
  CONFIG_COMMANDS = 
  $ ./config.status 

on f27

config.status:1321: creating Makefile
config.status:1321: creating asn1/Makefile
config.status:1321: creating asn1/asn1c/Makefile
config.status:1321: creating client/Makefile
config.status:1321: creating client/man/Makefile
config.status:1321: creating contrib/completion/Makefile
config.status:1321: creating contrib/Makefile
config.status:1321: creating daemons/dnssec/Makefile
config.status:1321: creating daemons/Makefile
config.status:1321: creating daemons/ipa-kdb/Makefile
config.status:1321: creating daemons/ipa-sam/Makefile
config.status:1321: creating daemons/ipa-otpd/Makefile
config.status:1321: creating daemons/ipa-slapi-plugins/Makefile
config.status:1321: creating daemons/ipa-slapi-plugins/libotp/Makefile
config.status:1321: creating daemons/ipa-slapi-plugins/ipa-cldap/Makefile
config.status:1321: creating daemons/ipa-slapi-plugins/ipa-dns/Makefile
config.status:1321: creating daemons/ipa-slapi-plugins/ipa-enrollment/Makefile
config.status:1321: creating daemons/ipa-slapi-plugins/ipa-lockout/Makefile
config.status:1321: creating daemons/ipa-slapi-plugins/ipa-otp-counter/Makefile
config.status:1321: creating daemons/ipa-slapi-plugins/ipa-otp-lasttoken/Makefile
config.status:1321: creating daemons/ipa-slapi-plugins/ipa-pwd-extop/Makefile
config.status:1321: creating daemons/ipa-slapi-plugins/ipa-extdom-extop/Makefile
config.status:1321: creating daemons/ipa-slapi-plugins/ipa-winsync/Makefile
config.status:1321: creating daemons/ipa-slapi-plugins/ipa-version/Makefile
config.status:1321: creating daemons/ipa-slapi-plugins/ipa-uuid/Makefile
config.status:1321: creating daemons/ipa-slapi-plugins/ipa-modrdn/Makefile
config.status:1321: creating daemons/ipa-slapi-plugins/ipa-sidgen/Makefile
config.status:1321: creating daemons/ipa-slapi-plugins/ipa-range-check/Makefile
config.status:1321: creating daemons/ipa-slapi-plugins/topology/Makefile
config.status:1321: creating init/systemd/Makefile
config.status:1321: creating init/tmpfilesd/Makefile
config.status:1321: creating init/Makefile
config.status:1321: creating install/Makefile
config.status:1321: creating install/certmonger/Makefile
config.status:1321: creating install/conf/Makefile
config.status:1321: creating install/html/Makefile
config.status:1321: creating install/migration/Makefile
config.status:1321: creating install/share/Makefile
config.status:1321: creating install/share/advise/Makefile
config.status:1321: creating install/share/advise/legacy/Makefile
config.status:1321: creating install/share/profiles/Makefile
config.status:1321: creating install/share/schema.d/Makefile
config.status:1321: creating install/ui/Makefile
config.status:1321: creating install/ui/css/Makefile
config.status:1321: creating install/ui/src/Makefile
config.status:1321: creating install/ui/src/libs/Makefile
config.status:1321: creating install/ui/images/Makefile
config.status:1321: creating install/ui/build/Makefile
config.status:1321: creating install/ui/build/dojo/Makefile
config.status:1321: creating install/ui/build/freeipa/Makefile
config.status:1321: creating install/tools/Makefile
config.status:1321: creating install/tools/man/Makefile
config.status:1321: creating install/updates/Makefile
config.status:1321: creating install/restart_scripts/Makefile
config.status:1321: creating install/wsgi/Makefile
config.status:1321: creating install/oddjob/Makefile
config.status:1321: creating ipaclient/Makefile
config.status:1321: creating ipalib/Makefile
config.status:1321: creating ipaplatform/Makefile
config.status:1321: creating ipapython/Makefile
config.status:1321: creating ipaserver/Makefile
config.status:1321: creating ipatests/Makefile
config.status:1321: creating ipatests/man/Makefile
config.status:1321: creating pypi/Makefile
config.status:1321: creating pypi/freeipa/Makefile
config.status:1321: creating pypi/ipa/Makefile
config.status:1321: creating pypi/ipaplatform/Makefile
config.status:1321: creating pypi/ipaserver/Makefile
config.status:1321: creating pypi/ipatests/Makefile
config.status:1321: creating po/Makefile.in
config.status:1321: creating po/Makefile.hack
config.status:1321: creating util/Makefile
config.status:1321: creating config.h
config.status:1562: linking ipaplatform/fedora/__init__.py to ipaplatform/__init__.py
config.status:1562: linking ipaplatform/fedora/constants.py to ipaplatform/constants.py
config.status:1562: linking ipaplatform/fedora/paths.py to ipaplatform/paths.py
config.status:1562: linking ipaplatform/fedora/services.py to ipaplatform/services.py
config.status:1562: linking ipaplatform/fedora/tasks.py to ipaplatform/tasks.py
config.status:1581: executing depfiles commands
config.status:1581: executing libtool commands
config.status:1581: executing po/POTFILES.in commands
config.status:1581: executing po-directories commands
config.status:1581: executing po/Makefile-hackit commands
